🔧 Initializing OpenTelemetry...
📡 Connecting to OTLP endpoint: http://localhost:4317
✅ Tracer installed successfully
✅ Logger provider installed successfully
✅ Tracing subscriber initialized
✅ OpenTelemetry initialized successfully (traces + logs)
📊 OTLP telemetry enabled

🚀 Initializing Modular Media Server...
📊 Database: sqlite:media.db
⚠️  Migration warning: migration 20240116084200 was previously applied but is missing in the resolved migrations
   Continuing with existing database schema...
[2m2026-02-16T19:13:45.772966Z[0m [32m INFO[0m [2mvideo_manager::progress[0m[2m:[0m Progress cleanup task started (interval: 300s, TTL: 3600s)
🔐 OIDC Configuration:
   - Issuer URL: http://localhost:8088
   - Client ID: f4e64e4265ac63ea837c
   - Redirect URI: http://localhost:3000/oidc/callback
🔍 Discovering OIDC provider: http://localhost:8088
✅ OIDC provider discovery successful
✅ OIDC authentication enabled
🔐 Access Control Service initialized with audit logging enabled
📁 Unified Media Manager initialized (images with original + WebP support)
🔍 MediaHub storage_dir: /Users/juergen/MyDev/MyProjects/video-server-rs_v1/storage
🎨 Media Hub initialized (unified media management)
📚 Docs Viewer initialized (markdown preview)
📋 Application Configuration:
   - Title: Media Server | appkask
   - Icon: /storage/icon.webp
🍪 Session Configuration:
   - Storage: SQLite (sessions.db) - persists across restarts
   - Cookie name: video_server_session
   - HTTP-only: true
   - Same-site: Lax
   - Expiry: 7 days inactivity
🔒 Emergency login is DISABLED

╔════════════════════════════════════════════════════════════════╗
║   🎥  MODULAR MEDIA SERVER - READY!                           ║
╚════════════════════════════════════════════════════════════════╝

📦 MODULES LOADED:
   ✅ video-manager    (Video streaming & HLS proxy)
   ✅ image-manager    (Image upload & serving)
   ✅ document-manager (Document storage & viewing)
   ✅ media-hub        (Unified media management UI)
   ✅ user-auth        (Session management, OIDC ready)
   ✅ access-codes     (Shared media access)
   ✅ access-control   (4-layer access with audit logging)
📊 SERVER ENDPOINTS:
   • Web UI:        http://0.0.0.0:3000
   • Demo:          http://0.0.0.0:3000/demo
   • Test Player:   http://0.0.0.0:3000/test
   • Login:         http://0.0.0.0:3000/login
   • OIDC Login:    http://0.0.0.0:3000/oidc/authorize
   • Emergency:     http://0.0.0.0:3000/login/emergency
   • Images:        http://0.0.0.0:3000/images
   • Documents:     http://0.0.0.0:3000/documents
   • Upload:        http://0.0.0.0:3000/upload
   • All Media:     http://0.0.0.0:3000/media
   • Media Upload:  http://0.0.0.0:3000/media/upload
   • Health:        http://0.0.0.0:3000/health
   • MediaMTX API:  http://0.0.0.0:3000/api/mediamtx/status
   • Access Codes:  http://0.0.0.0:3000/api/access-codes

📡 MEDIAMTX CONFIGURATION:
   • RTMP Input:    rtmp://localhost:1935/live
   • HLS Output:    http://localhost:8888/live/index.m3u8
   • WebRTC Output: http://localhost:8889/live
   • API:           http://localhost:9997
   • Metrics:       http://localhost:9998/metrics

🎬 STREAMING COMMANDS:

   macOS (Camera + Microphone):
   ffmpeg -f avfoundation -framerate 30 -video_size 1280x720 -i "0:0" \
     -c:v libx264 -preset veryfast -tune zerolatency \
     -c:a aac -b:a 128k -ar 44100 \
     -f flv "rtmp://localhost:1935/live?token=supersecret123"

   Linux (Webcam + Microphone):
   ffmpeg -f v4l2 -i /dev/video0 -f alsa -i hw:0 \
     -c:v libx264 -preset veryfast -tune zerolatency \
     -c:a aac -b:a 128k -ar 44100 \
     -f flv "rtmp://localhost:1935/live?token=supersecret123"

   OBS Studio:
   • Server:     rtmp://localhost:1935/live
   • Stream Key: ?token=supersecret123

⚠️  IMPORTANT:
   1. Make sure MediaMTX is running: mediamtx mediamtx.yml
   2. Login first: http://0.0.0.0:3000/login
   3. Then watch: http://0.0.0.0:3000/test

💡 TIPS:
   • List devices: ffmpeg -f avfoundation -list_devices true -i ""
   • Check MediaMTX: curl http://localhost:9997/v3/paths/list
   • View logs: MediaMTX logs appear in its terminal

🔧 ARCHITECTURE:
   This server is now modular with separate crates:
   • crates/video-manager - Video streaming logic
   • crates/image-manager - Image handling logic
   • crates/user-auth     - OIDC Authentication (Casdoor)

🔐 AUTHENTICATION:
   • Primary:   OIDC with Casdoor (Login with Appkask)
   • Fallback:  Emergency local login
   • Configure: Set OIDC_* environment variables

════════════════════════════════════════════════════════════════

[2m2026-02-16T19:15:04.151878Z[0m [32m INFO[0m [1mhttp_request[0m[1m{[0m[3mmethod[0m[2m=[0mGET [3mpath[0m[2m=[0m/media [3mquery[0m[2m=[0m""[1m}[0m[2m:[0m [2mtower_http::trace::on_request[0m[2m:[0m started processing request
[2m2026-02-16T19:15:04.154408Z[0m [32m INFO[0m [1mhttp_request[0m[1m{[0m[3mmethod[0m[2m=[0mGET [3mpath[0m[2m=[0m/media [3mquery[0m[2m=[0m""[1m}[0m[2m:[0m[1mcall[0m[2m:[0m [2mmedia_hub::search[0m[2m:[0m Search completed: 21 total items, 1 pages
[2m2026-02-16T19:15:04.154561Z[0m [32m INFO[0m [1mhttp_request[0m[1m{[0m[3mmethod[0m[2m=[0mGET [3mpath[0m[2m=[0m/media [3mquery[0m[2m=[0m""[1m}[0m[2m:[0m [2mtower_http::trace::on_response[0m[2m:[0m finished processing request [3mlatency[0m[2m=[0m2 ms [3mstatus[0m[2m=[0m200
[2m2026-02-16T19:15:08.407345Z[0m [32m INFO[0m [1mhttp_request[0m[1m{[0m[3mmethod[0m[2m=[0mGET [3mpath[0m[2m=[0m/media/upload [3mquery[0m[2m=[0m""[1m}[0m[2m:[0m [2mtower_http::trace::on_request[0m[2m:[0m started processing request
[2m2026-02-16T19:15:08.407679Z[0m [32m INFO[0m [1mhttp_request[0m[1m{[0m[3mmethod[0m[2m=[0mGET [3mpath[0m[2m=[0m/media/upload [3mquery[0m[2m=[0m""[1m}[0m[2m:[0m [2mtower_http::trace::on_response[0m[2m:[0m finished processing request [3mlatency[0m[2m=[0m0 ms [3mstatus[0m[2m=[0m200
[2m2026-02-16T19:15:08.430351Z[0m [32m INFO[0m [1mhttp_request[0m[1m{[0m[3mmethod[0m[2m=[0mGET [3mpath[0m[2m=[0m/api/user/vaults [3mquery[0m[2m=[0m""[1m}[0m[2m:[0m [2mtower_http::trace::on_request[0m[2m:[0m started processing request
[2m2026-02-16T19:15:08.431026Z[0m [32m INFO[0m [1mhttp_request[0m[1m{[0m[3mmethod[0m[2m=[0mGET [3mpath[0m[2m=[0m/api/groups [3mquery[0m[2m=[0m""[1m}[0m[2m:[0m [2mtower_http::trace::on_request[0m[2m:[0m started processing request
[2m2026-02-16T19:15:08.431036Z[0m [32m INFO[0m [1mhttp_request[0m[1m{[0m[3mmethod[0m[2m=[0mGET [3mpath[0m[2m=[0m/api/user/vaults [3mquery[0m[2m=[0m""[1m}[0m[2m:[0m [2mtower_http::trace::on_response[0m[2m:[0m finished processing request [3mlatency[0m[2m=[0m0 ms [3mstatus[0m[2m=[0m200
[2m2026-02-16T19:15:08.431703Z[0m [32m INFO[0m [1mhttp_request[0m[1m{[0m[3mmethod[0m[2m=[0mGET [3mpath[0m[2m=[0m/api/groups [3mquery[0m[2m=[0m""[1m}[0m[2m:[0m [2mtower_http::trace::on_response[0m[2m:[0m finished processing request [3mlatency[0m[2m=[0m0 ms [3mstatus[0m[2m=[0m200
[2m2026-02-16T19:15:26.470789Z[0m [32m INFO[0m [1mhttp_request[0m[1m{[0m[3mmethod[0m[2m=[0mPOST [3mpath[0m[2m=[0m/api/media/upload [3mquery[0m[2m=[0m""[1m}[0m[2m:[0m [2mtower_http::trace::on_request[0m[2m:[0m started processing request
[2m2026-02-16T19:15:26.471250Z[0m [32m INFO[0m [1mhttp_request[0m[1m{[0m[3mmethod[0m[2m=[0mPOST [3mpath[0m[2m=[0m/api/media/upload [3mquery[0m[2m=[0m""[1m}[0m[2m:[0m[1mcall[0m[2m:[0m [2mmedia_manager::upload[0m[2m:[0m Using user-selected vault: vault-90b0d507
[2m2026-02-16T19:15:26.471447Z[0m [32m INFO[0m [1mhttp_request[0m[1m{[0m[3mmethod[0m[2m=[0mPOST [3mpath[0m[2m=[0m/api/media/upload [3mquery[0m[2m=[0m""[1m}[0m[2m:[0m[1mcall[0m[2m:[0m [2mmedia_manager::upload[0m[2m:[0m 📄 Processing document upload: slug=artificial-consumer-markets, title=artificial consumer markets, file=artificial_consumer_markets.mdx, size=4877 bytes, vault=vault-90b0d507
[2m2026-02-16T19:15:26.471780Z[0m [32m INFO[0m [1mhttp_request[0m[1m{[0m[3mmethod[0m[2m=[0mPOST [3mpath[0m[2m=[0m/api/media/upload [3mquery[0m[2m=[0m""[1m}[0m[2m:[0m[1mcall[0m[2m:[0m [2mmedia_manager::upload[0m[2m:[0m 📄 Saved document file for user 7bda815e-729a-49ea-88c5-3ca59b9ce487 vault vault-90b0d507: 1771269326_artificial_consumer_markets.mdx
[2m2026-02-16T19:15:26.472695Z[0m [32m INFO[0m [1mhttp_request[0m[1m{[0m[3mmethod[0m[2m=[0mPOST [3mpath[0m[2m=[0m/api/media/upload [3mquery[0m[2m=[0m""[1m}[0m[2m:[0m[1mcall[0m[2m:[0m [2mmedia_manager::upload[0m[2m:[0m ✅ Document uploaded successfully: artificial-consumer-markets (ID: 43)
[2m2026-02-16T19:15:26.472728Z[0m [32m INFO[0m [1mhttp_request[0m[1m{[0m[3mmethod[0m[2m=[0mPOST [3mpath[0m[2m=[0m/api/media/upload [3mquery[0m[2m=[0m""[1m}[0m[2m:[0m [2mtower_http::trace::on_response[0m[2m:[0m finished processing request [3mlatency[0m[2m=[0m1 ms [3mstatus[0m[2m=[0m200
[2m2026-02-16T19:15:26.491600Z[0m [32m INFO[0m [1mhttp_request[0m[1m{[0m[3mmethod[0m[2m=[0mGET [3mpath[0m[2m=[0m/media [3mquery[0m[2m=[0m"success=upload"[1m}[0m[2m:[0m [2mtower_http::trace::on_request[0m[2m:[0m started processing request
[2m2026-02-16T19:15:26.492570Z[0m [32m INFO[0m [1mhttp_request[0m[1m{[0m[3mmethod[0m[2m=[0mGET [3mpath[0m[2m=[0m/media [3mquery[0m[2m=[0m"success=upload"[1m}[0m[2m:[0m[1mcall[0m[2m:[0m [2mmedia_hub::search[0m[2m:[0m Search completed: 22 total items, 1 pages
[2m2026-02-16T19:15:26.492653Z[0m [32m INFO[0m [1mhttp_request[0m[1m{[0m[3mmethod[0m[2m=[0mGET [3mpath[0m[2m=[0m/media [3mquery[0m[2m=[0m"success=upload"[1m}[0m[2m:[0m [2mtower_http::trace::on_response[0m[2m:[0m finished processing request [3mlatency[0m[2m=[0m1 ms [3mstatus[0m[2m=[0m200
[2m2026-02-16T19:15:26.613670Z[0m [32m INFO[0m [1mhttp_request[0m[1m{[0m[3mmethod[0m[2m=[0mGET [3mpath[0m[2m=[0m/static/icons/document-fallback-trigger.svg [3mquery[0m[2m=[0m""[1m}[0m[2m:[0m [2mtower_http::trace::on_request[0m[2m:[0m started processing request
[2m2026-02-16T19:15:26.613964Z[0m [32m INFO[0m [1mhttp_request[0m[1m{[0m[3mmethod[0m[2m=[0mGET [3mpath[0m[2m=[0m/static/icons/document-fallback-trigger.svg [3mquery[0m[2m=[0m""[1m}[0m[2m:[0m [2mtower_http::trace::on_response[0m[2m:[0m finished processing request [3mlatency[0m[2m=[0m0 ms [3mstatus[0m[2m=[0m404
[2m2026-02-16T19:15:34.525491Z[0m [32m INFO[0m [1mhttp_request[0m[1m{[0m[3mmethod[0m[2m=[0mGET [3mpath[0m[2m=[0m/media/upload [3mquery[0m[2m=[0m""[1m}[0m[2m:[0m [2mtower_http::trace::on_request[0m[2m:[0m started processing request
[2m2026-02-16T19:15:34.525925Z[0m [32m INFO[0m [1mhttp_request[0m[1m{[0m[3mmethod[0m[2m=[0mGET [3mpath[0m[2m=[0m/media/upload [3mquery[0m[2m=[0m""[1m}[0m[2m:[0m [2mtower_http::trace::on_response[0m[2m:[0m finished processing request [3mlatency[0m[2m=[0m0 ms [3mstatus[0m[2m=[0m200
[2m2026-02-16T19:15:34.578996Z[0m [32m INFO[0m [1mhttp_request[0m[1m{[0m[3mmethod[0m[2m=[0mGET [3mpath[0m[2m=[0m/api/user/vaults [3mquery[0m[2m=[0m""[1m}[0m[2m:[0m [2mtower_http::trace::on_request[0m[2m:[0m started processing request
[2m2026-02-16T19:15:34.579150Z[0m [32m INFO[0m [1mhttp_request[0m[1m{[0m[3mmethod[0m[2m=[0mGET [3mpath[0m[2m=[0m/api/groups [3mquery[0m[2m=[0m""[1m}[0m[2m:[0m [2mtower_http::trace::on_request[0m[2m:[0m started processing request
[2m2026-02-16T19:15:34.579447Z[0m [32m INFO[0m [1mhttp_request[0m[1m{[0m[3mmethod[0m[2m=[0mGET [3mpath[0m[2m=[0m/api/user/vaults [3mquery[0m[2m=[0m""[1m}[0m[2m:[0m [2mtower_http::trace::on_response[0m[2m:[0m finished processing request [3mlatency[0m[2m=[0m0 ms [3mstatus[0m[2m=[0m200
[2m2026-02-16T19:15:34.579958Z[0m [32m INFO[0m [1mhttp_request[0m[1m{[0m[3mmethod[0m[2m=[0mGET [3mpath[0m[2m=[0m/api/groups [3mquery[0m[2m=[0m""[1m}[0m[2m:[0m [2mtower_http::trace::on_response[0m[2m:[0m finished processing request [3mlatency[0m[2m=[0m0 ms [3mstatus[0m[2m=[0m200
[2m2026-02-16T19:15:45.735279Z[0m [32m INFO[0m [1mhttp_request[0m[1m{[0m[3mmethod[0m[2m=[0mPOST [3mpath[0m[2m=[0m/api/media/upload [3mquery[0m[2m=[0m""[1m}[0m[2m:[0m [2mtower_http::trace::on_request[0m[2m:[0m started processing request
[2m2026-02-16T19:15:45.735805Z[0m [32m INFO[0m [1mhttp_request[0m[1m{[0m[3mmethod[0m[2m=[0mPOST [3mpath[0m[2m=[0m/api/media/upload [3mquery[0m[2m=[0m""[1m}[0m[2m:[0m[1mcall[0m[2m:[0m [2mmedia_manager::upload[0m[2m:[0m Using user-selected vault: vault-90b0d507
[2m2026-02-16T19:15:45.735984Z[0m [32m INFO[0m [1mhttp_request[0m[1m{[0m[3mmethod[0m[2m=[0mPOST [3mpath[0m[2m=[0m/api/media/upload [3mquery[0m[2m=[0m""[1m}[0m[2m:[0m[1mcall[0m[2m:[0m [2mmedia_manager::upload[0m[2m:[0m 📄 Processing document upload: slug=ai-b2b-solutions, title=ai b2b solutions, file=ai-b2b-solutions.md, size=1033 bytes, vault=vault-90b0d507
[2m2026-02-16T19:15:45.736556Z[0m [32m INFO[0m [1mhttp_request[0m[1m{[0m[3mmethod[0m[2m=[0mPOST [3mpath[0m[2m=[0m/api/media/upload [3mquery[0m[2m=[0m""[1m}[0m[2m:[0m[1mcall[0m[2m:[0m [2mmedia_manager::upload[0m[2m:[0m 📄 Saved document file for user 7bda815e-729a-49ea-88c5-3ca59b9ce487 vault vault-90b0d507: 1771269345_ai-b2b-solutions.md
[2m2026-02-16T19:15:45.737948Z[0m [32m INFO[0m [1mhttp_request[0m[1m{[0m[3mmethod[0m[2m=[0mPOST [3mpath[0m[2m=[0m/api/media/upload [3mquery[0m[2m=[0m""[1m}[0m[2m:[0m[1mcall[0m[2m:[0m [2mmedia_manager::upload[0m[2m:[0m ✅ Document uploaded successfully: ai-b2b-solutions (ID: 44)
[2m2026-02-16T19:15:45.738012Z[0m [32m INFO[0m [1mhttp_request[0m[1m{[0m[3mmethod[0m[2m=[0mPOST [3mpath[0m[2m=[0m/api/media/upload [3mquery[0m[2m=[0m""[1m}[0m[2m:[0m [2mtower_http::trace::on_response[0m[2m:[0m finished processing request [3mlatency[0m[2m=[0m2 ms [3mstatus[0m[2m=[0m200
[2m2026-02-16T19:15:45.758262Z[0m [32m INFO[0m [1mhttp_request[0m[1m{[0m[3mmethod[0m[2m=[0mGET [3mpath[0m[2m=[0m/media [3mquery[0m[2m=[0m"success=upload"[1m}[0m[2m:[0m [2mtower_http::trace::on_request[0m[2m:[0m started processing request
[2m2026-02-16T19:15:45.759304Z[0m [32m INFO[0m [1mhttp_request[0m[1m{[0m[3mmethod[0m[2m=[0mGET [3mpath[0m[2m=[0m/media [3mquery[0m[2m=[0m"success=upload"[1m}[0m[2m:[0m[1mcall[0m[2m:[0m [2mmedia_hub::search[0m[2m:[0m Search completed: 23 total items, 1 pages
[2m2026-02-16T19:15:45.759396Z[0m [32m INFO[0m [1mhttp_request[0m[1m{[0m[3mmethod[0m[2m=[0mGET [3mpath[0m[2m=[0m/media [3mquery[0m[2m=[0m"success=upload"[1m}[0m[2m:[0m [2mtower_http::trace::on_response[0m[2m:[0m finished processing request [3mlatency[0m[2m=[0m1 ms [3mstatus[0m[2m=[0m200
[2m2026-02-16T19:15:45.841892Z[0m [32m INFO[0m [1mhttp_request[0m[1m{[0m[3mmethod[0m[2m=[0mGET [3mpath[0m[2m=[0m/hls/lesson1/thumbnail.webp [3mquery[0m[2m=[0m""[1m}[0m[2m:[0m [2mtower_http::trace::on_request[0m[2m:[0m started processing request
[2m2026-02-16T19:15:45.842379Z[0m [32m INFO[0m [1mhttp_request[0m[1m{[0m[3mmethod[0m[2m=[0mGET [3mpath[0m[2m=[0m/hls/bbb/thumbnail.webp [3mquery[0m[2m=[0m""[1m}[0m[2m:[0m [2mtower_http::trace::on_request[0m[2m:[0m started processing request
[2m2026-02-16T19:15:45.843211Z[0m [32m INFO[0m [1mhttp_request[0m[1m{[0m[3mmethod[0m[2m=[0mGET [3mpath[0m[2m=[0m/hls/welcome/thumbnail.webp [3mquery[0m[2m=[0m""[1m}[0m[2m:[0m [2mtower_http::trace::on_request[0m[2m:[0m started processing request
[2m2026-02-16T19:15:45.843279Z[0m [32m INFO[0m [1mhttp_request[0m[1m{[0m[3mmethod[0m[2m=[0mGET [3mpath[0m[2m=[0m/hls/webconjoint/thumbnail.webp [3mquery[0m[2m=[0m""[1m}[0m[2m:[0m [2mtower_http::trace::on_request[0m[2m:[0m started processing request
[2m2026-02-16T19:15:45.843368Z[0m [32m INFO[0m [1mhttp_request[0m[1m{[0m[3mmethod[0m[2m=[0mGET [3mpath[0m[2m=[0m/hls/test-demo-video/thumbnail.webp [3mquery[0m[2m=[0m""[1m}[0m[2m:[0m [2mtower_http::trace::on_request[0m[2m:[0m started processing request
[2m2026-02-16T19:15:45.843383Z[0m [32m INFO[0m [1mhttp_request[0m[1m{[0m[3mmethod[0m[2m=[0mGET [3mpath[0m[2m=[0m/hls/bbb/thumbnail.webp [3mquery[0m[2m=[0m""[1m}[0m[2m:[0m[1mcall[0m[2m:[0m[1mhls_proxy_handler[0m[1m{[0m[3mpath[0m[2m=[0m"bbb/thumbnail.webp"[1m}[0m[2m:[0m [2maccess_control::service[0m[2m:[0m Access granted to video 28 via Ownership (permission: Some(Admin))
[2m2026-02-16T19:15:45.843829Z[0m [32m INFO[0m [1mhttp_request[0m[1m{[0m[3mmethod[0m[2m=[0mGET [3mpath[0m[2m=[0m/hls/welcome/thumbnail.webp [3mquery[0m[2m=[0m""[1m}[0m[2m:[0m[1mcall[0m[2m:[0m[1mhls_proxy_handler[0m[1m{[0m[3mpath[0m[2m=[0m"welcome/thumbnail.webp"[1m}[0m[2m:[0m [2maccess_control::service[0m[2m:[0m Access granted to video 29 via Ownership (permission: Some(Admin))
[2m2026-02-16T19:15:45.843986Z[0m [33m WARN[0m [1mhttp_request[0m[1m{[0m[3mmethod[0m[2m=[0mGET [3mpath[0m[2m=[0m/hls/welcome/thumbnail.webp [3mquery[0m[2m=[0m""[1m}[0m[2m:[0m[1mcall[0m[2m:[0m[1mhls_proxy_handler[0m[1m{[0m[3mpath[0m[2m=[0m"welcome/thumbnail.webp"[1m}[0m[2m:[0m [2maccess_control::audit[0m[2m:[0m Failed to write audit log: error returned from database: (code: 1) no such table: access_audit_log
[2m2026-02-16T19:15:45.844056Z[0m [32m INFO[0m [1mhttp_request[0m[1m{[0m[3mmethod[0m[2m=[0mGET [3mpath[0m[2m=[0m/hls/welcome/thumbnail.webp [3mquery[0m[2m=[0m""[1m}[0m[2m:[0m[1mcall[0m[2m:[0m[1mhls_proxy_handler[0m[1m{[0m[3mpath[0m[2m=[0m"welcome/thumbnail.webp"[1m}[0m[2m:[0m [2mvideo_manager[0m[2m:[0m Access granted to HLS stream [3mvideo_slug[0m[2m=[0mwelcome [3maccess_layer[0m[2m=[0mOwnership
[2m2026-02-16T19:15:45.844544Z[0m [32m INFO[0m [1mhttp_request[0m[1m{[0m[3mmethod[0m[2m=[0mGET [3mpath[0m[2m=[0m/hls/welcome/thumbnail.webp [3mquery[0m[2m=[0m""[1m}[0m[2m:[0m [2mtower_http::trace::on_response[0m[2m:[0m finished processing request [3mlatency[0m[2m=[0m1 ms [3mstatus[0m[2m=[0m200
[2m2026-02-16T19:15:45.845355Z[0m [32m INFO[0m [1mhttp_request[0m[1m{[0m[3mmethod[0m[2m=[0mGET [3mpath[0m[2m=[0m/hls/test-demo-video/thumbnail.webp [3mquery[0m[2m=[0m""[1m}[0m[2m:[0m[1mcall[0m[2m:[0m[1mhls_proxy_handler[0m[1m{[0m[3mpath[0m[2m=[0m"test-demo-video/thumbnail.webp"[1m}[0m[2m:[0m [2maccess_control::service[0m[2m:[0m Access granted to video 31 via Ownership (permission: Some(Admin))
[2m2026-02-16T19:15:45.845657Z[0m [33m WARN[0m [1mhttp_request[0m[1m{[0m[3mmethod[0m[2m=[0mGET [3mpath[0m[2m=[0m/hls/test-demo-video/thumbnail.webp [3mquery[0m[2m=[0m""[1m}[0m[2m:[0m[1mcall[0m[2m:[0m[1mhls_proxy_handler[0m[1m{[0m[3mpath[0m[2m=[0m"test-demo-video/thumbnail.webp"[1m}[0m[2m:[0m [2maccess_control::audit[0m[2m:[0m Failed to write audit log: error returned from database: (code: 1) no such table: access_audit_log
[2m2026-02-16T19:15:45.845697Z[0m [32m INFO[0m [1mhttp_request[0m[1m{[0m[3mmethod[0m[2m=[0mGET [3mpath[0m[2m=[0m/hls/lesson1/thumbnail.webp [3mquery[0m[2m=[0m""[1m}[0m[2m:[0m[1mcall[0m[2m:[0m[1mhls_proxy_handler[0m[1m{[0m[3mpath[0m[2m=[0m"lesson1/thumbnail.webp"[1m}[0m[2m:[0m [2maccess_control::service[0m[2m:[0m Access granted to video 27 via Ownership (permission: Some(Admin))
[2m2026-02-16T19:15:45.845739Z[0m [32m INFO[0m [1mhttp_request[0m[1m{[0m[3mmethod[0m[2m=[0mGET [3mpath[0m[2m=[0m/hls/test-demo-video/thumbnail.webp [3mquery[0m[2m=[0m""[1m}[0m[2m:[0m[1mcall[0m[2m:[0m[1mhls_proxy_handler[0m[1m{[0m[3mpath[0m[2m=[0m"test-demo-video/thumbnail.webp"[1m}[0m[2m:[0m [2mvideo_manager[0m[2m:[0m Access granted to HLS stream [3mvideo_slug[0m[2m=[0mtest-demo-video [3maccess_layer[0m[2m=[0mOwnership
[2m2026-02-16T19:15:45.845881Z[0m [33m WARN[0m [1mhttp_request[0m[1m{[0m[3mmethod[0m[2m=[0mGET [3mpath[0m[2m=[0m/hls/lesson1/thumbnail.webp [3mquery[0m[2m=[0m""[1m}[0m[2m:[0m[1mcall[0m[2m:[0m[1mhls_proxy_handler[0m[1m{[0m[3mpath[0m[2m=[0m"lesson1/thumbnail.webp"[1m}[0m[2m:[0m [2maccess_control::audit[0m[2m:[0m Failed to write audit log: error returned from database: (code: 1) no such table: access_audit_log
[2m2026-02-16T19:15:45.845895Z[0m [32m INFO[0m [1mhttp_request[0m[1m{[0m[3mmethod[0m[2m=[0mGET [3mpath[0m[2m=[0m/hls/lesson1/thumbnail.webp [3mquery[0m[2m=[0m""[1m}[0m[2m:[0m[1mcall[0m[2m:[0m[1mhls_proxy_handler[0m[1m{[0m[3mpath[0m[2m=[0m"lesson1/thumbnail.webp"[1m}[0m[2m:[0m [2mvideo_manager[0m[2m:[0m Access granted to HLS stream [3mvideo_slug[0m[2m=[0mlesson1 [3maccess_layer[0m[2m=[0mOwnership
[2m2026-02-16T19:15:45.845944Z[0m [33m WARN[0m [1mhttp_request[0m[1m{[0m[3mmethod[0m[2m=[0mGET [3mpath[0m[2m=[0m/hls/bbb/thumbnail.webp [3mquery[0m[2m=[0m""[1m}[0m[2m:[0m[1mcall[0m[2m:[0m[1mhls_proxy_handler[0m[1m{[0m[3mpath[0m[2m=[0m"bbb/thumbnail.webp"[1m}[0m[2m:[0m [2maccess_control::audit[0m[2m:[0m Failed to write audit log: error returned from database: (code: 1) no such table: access_audit_log
[2m2026-02-16T19:15:45.845967Z[0m [32m INFO[0m [1mhttp_request[0m[1m{[0m[3mmethod[0m[2m=[0mGET [3mpath[0m[2m=[0m/hls/bbb/thumbnail.webp [3mquery[0m[2m=[0m""[1m}[0m[2m:[0m[1mcall[0m[2m:[0m[1mhls_proxy_handler[0m[1m{[0m[3mpath[0m[2m=[0m"bbb/thumbnail.webp"[1m}[0m[2m:[0m [2mvideo_manager[0m[2m:[0m Access granted to HLS stream [3mvideo_slug[0m[2m=[0mbbb [3maccess_layer[0m[2m=[0mOwnership
[2m2026-02-16T19:15:45.846016Z[0m [32m INFO[0m [1mhttp_request[0m[1m{[0m[3mmethod[0m[2m=[0mGET [3mpath[0m[2m=[0m/hls/lesson1/thumbnail.webp [3mquery[0m[2m=[0m""[1m}[0m[2m:[0m [2mtower_http::trace::on_response[0m[2m:[0m finished processing request [3mlatency[0m[2m=[0m4 ms [3mstatus[0m[2m=[0m200
[2m2026-02-16T19:15:45.846153Z[0m [32m INFO[0m [1mhttp_request[0m[1m{[0m[3mmethod[0m[2m=[0mGET [3mpath[0m[2m=[0m/hls/test-demo-video/thumbnail.webp [3mquery[0m[2m=[0m""[1m}[0m[2m:[0m [2mtower_http::trace::on_response[0m[2m:[0m finished processing request [3mlatency[0m[2m=[0m2 ms [3mstatus[0m[2m=[0m200
[2m2026-02-16T19:15:45.846325Z[0m [32m INFO[0m [1mhttp_request[0m[1m{[0m[3mmethod[0m[2m=[0mGET [3mpath[0m[2m=[0m/hls/webconjoint/thumbnail.webp [3mquery[0m[2m=[0m""[1m}[0m[2m:[0m[1mcall[0m[2m:[0m[1mhls_proxy_handler[0m[1m{[0m[3mpath[0m[2m=[0m"webconjoint/thumbnail.webp"[1m}[0m[2m:[0m [2maccess_control::service[0m[2m:[0m Access granted to video 30 via Ownership (permission: Some(Admin))
[2m2026-02-16T19:15:45.846442Z[0m [33m WARN[0m [1mhttp_request[0m[1m{[0m[3mmethod[0m[2m=[0mGET [3mpath[0m[2m=[0m/hls/webconjoint/thumbnail.webp [3mquery[0m[2m=[0m""[1m}[0m[2m:[0m[1mcall[0m[2m:[0m[1mhls_proxy_handler[0m[1m{[0m[3mpath[0m[2m=[0m"webconjoint/thumbnail.webp"[1m}[0m[2m:[0m [2maccess_control::audit[0m[2m:[0m Failed to write audit log: error returned from database: (code: 1) no such table: access_audit_log
[2m2026-02-16T19:15:45.846453Z[0m [32m INFO[0m [1mhttp_request[0m[1m{[0m[3mmethod[0m[2m=[0mGET [3mpath[0m[2m=[0m/hls/webconjoint/thumbnail.webp [3mquery[0m[2m=[0m""[1m}[0m[2m:[0m[1mcall[0m[2m:[0m[1mhls_proxy_handler[0m[1m{[0m[3mpath[0m[2m=[0m"webconjoint/thumbnail.webp"[1m}[0m[2m:[0m [2mvideo_manager[0m[2m:[0m Access granted to HLS stream [3mvideo_slug[0m[2m=[0mwebconjoint [3maccess_layer[0m[2m=[0mOwnership
[2m2026-02-16T19:15:45.846525Z[0m [32m INFO[0m [1mhttp_request[0m[1m{[0m[3mmethod[0m[2m=[0mGET [3mpath[0m[2m=[0m/hls/bbb/thumbnail.webp [3mquery[0m[2m=[0m""[1m}[0m[2m:[0m [2mtower_http::trace::on_response[0m[2m:[0m finished processing request [3mlatency[0m[2m=[0m4 ms [3mstatus[0m[2m=[0m200
[2m2026-02-16T19:15:45.846698Z[0m [32m INFO[0m [1mhttp_request[0m[1m{[0m[3mmethod[0m[2m=[0mGET [3mpath[0m[2m=[0m/hls/webconjoint/thumbnail.webp [3mquery[0m[2m=[0m""[1m}[0m[2m:[0m [2mtower_http::trace::on_response[0m[2m:[0m finished processing request [3mlatency[0m[2m=[0m3 ms [3mstatus[0m[2m=[0m200
[2m2026-02-16T19:15:45.858112Z[0m [32m INFO[0m [1mhttp_request[0m[1m{[0m[3mmethod[0m[2m=[0mGET [3mpath[0m[2m=[0m/static/icons/document-fallback-trigger.svg [3mquery[0m[2m=[0m""[1m}[0m[2m:[0m [2mtower_http::trace::on_request[0m[2m:[0m started processing request
[2m2026-02-16T19:15:45.858234Z[0m [32m INFO[0m [1mhttp_request[0m[1m{[0m[3mmethod[0m[2m=[0mGET [3mpath[0m[2m=[0m/static/icons/document-fallback-trigger.svg [3mquery[0m[2m=[0m""[1m}[0m[2m:[0m [2mtower_http::trace::on_response[0m[2m:[0m finished processing request [3mlatency[0m[2m=[0m0 ms [3mstatus[0m[2m=[0m404
[2m2026-02-16T19:15:47.848288Z[0m [32m INFO[0m [1mhttp_request[0m[1m{[0m[3mmethod[0m[2m=[0mGET [3mpath[0m[2m=[0m/media/upload [3mquery[0m[2m=[0m""[1m}[0m[2m:[0m [2mtower_http::trace::on_request[0m[2m:[0m started processing request
[2m2026-02-16T19:15:47.848617Z[0m [32m INFO[0m [1mhttp_request[0m[1m{[0m[3mmethod[0m[2m=[0mGET [3mpath[0m[2m=[0m/media/upload [3mquery[0m[2m=[0m""[1m}[0m[2m:[0m [2mtower_http::trace::on_response[0m[2m:[0m finished processing request [3mlatency[0m[2m=[0m0 ms [3mstatus[0m[2m=[0m200
[2m2026-02-16T19:15:47.872902Z[0m [32m INFO[0m [1mhttp_request[0m[1m{[0m[3mmethod[0m[2m=[0mGET [3mpath[0m[2m=[0m/api/user/vaults [3mquery[0m[2m=[0m""[1m}[0m[2m:[0m [2mtower_http::trace::on_request[0m[2m:[0m started processing request
[2m2026-02-16T19:15:47.873015Z[0m [32m INFO[0m [1mhttp_request[0m[1m{[0m[3mmethod[0m[2m=[0mGET [3mpath[0m[2m=[0m/api/groups [3mquery[0m[2m=[0m""[1m}[0m[2m:[0m [2mtower_http::trace::on_request[0m[2m:[0m started processing request
[2m2026-02-16T19:15:47.873302Z[0m [32m INFO[0m [1mhttp_request[0m[1m{[0m[3mmethod[0m[2m=[0mGET [3mpath[0m[2m=[0m/api/user/vaults [3mquery[0m[2m=[0m""[1m}[0m[2m:[0m [2mtower_http::trace::on_response[0m[2m:[0m finished processing request [3mlatency[0m[2m=[0m0 ms [3mstatus[0m[2m=[0m200
[2m2026-02-16T19:15:47.873357Z[0m [32m INFO[0m [1mhttp_request[0m[1m{[0m[3mmethod[0m[2m=[0mGET [3mpath[0m[2m=[0m/api/groups [3mquery[0m[2m=[0m""[1m}[0m[2m:[0m [2mtower_http::trace::on_response[0m[2m:[0m finished processing request [3mlatency[0m[2m=[0m0 ms [3mstatus[0m[2m=[0m200
[2m2026-02-16T19:16:01.834366Z[0m [32m INFO[0m [1mhttp_request[0m[1m{[0m[3mmethod[0m[2m=[0mPOST [3mpath[0m[2m=[0m/api/media/upload [3mquery[0m[2m=[0m""[1m}[0m[2m:[0m [2mtower_http::trace::on_request[0m[2m:[0m started processing request
[2m2026-02-16T19:16:01.834792Z[0m [32m INFO[0m [1mhttp_request[0m[1m{[0m[3mmethod[0m[2m=[0mPOST [3mpath[0m[2m=[0m/api/media/upload [3mquery[0m[2m=[0m""[1m}[0m[2m:[0m[1mcall[0m[2m:[0m [2mmedia_manager::upload[0m[2m:[0m Using user-selected vault: vault-740c9c6a
[2m2026-02-16T19:16:01.835138Z[0m [32m INFO[0m [1mhttp_request[0m[1m{[0m[3mmethod[0m[2m=[0mPOST [3mpath[0m[2m=[0m/api/media/upload [3mquery[0m[2m=[0m""[1m}[0m[2m:[0m[1mcall[0m[2m:[0m [2mmedia_manager::upload[0m[2m:[0m Slug 'artificial-consumer-markets' already exists globally, using 'artificial-consumer-markets_2' instead
[2m2026-02-16T19:16:01.835196Z[0m [32m INFO[0m [1mhttp_request[0m[1m{[0m[3mmethod[0m[2m=[0mPOST [3mpath[0m[2m=[0m/api/media/upload [3mquery[0m[2m=[0m""[1m}[0m[2m:[0m[1mcall[0m[2m:[0m [2mmedia_manager::upload[0m[2m:[0m 📄 Processing document upload: slug=artificial-consumer-markets_2, title=artificial consumer markets, file=artificial_consumer_markets.mdx, size=4877 bytes, vault=vault-740c9c6a
[2m2026-02-16T19:16:01.835670Z[0m [32m INFO[0m [1mhttp_request[0m[1m{[0m[3mmethod[0m[2m=[0mPOST [3mpath[0m[2m=[0m/api/media/upload [3mquery[0m[2m=[0m""[1m}[0m[2m:[0m[1mcall[0m[2m:[0m [2mmedia_manager::upload[0m[2m:[0m 📄 Saved document file for user 7bda815e-729a-49ea-88c5-3ca59b9ce487 vault vault-740c9c6a: 1771269361_artificial_consumer_markets.mdx
[2m2026-02-16T19:16:01.836920Z[0m [32m INFO[0m [1mhttp_request[0m[1m{[0m[3mmethod[0m[2m=[0mPOST [3mpath[0m[2m=[0m/api/media/upload [3mquery[0m[2m=[0m""[1m}[0m[2m:[0m[1mcall[0m[2m:[0m [2mmedia_manager::upload[0m[2m:[0m ✅ Document uploaded successfully: artificial-consumer-markets_2 (ID: 45)
[2m2026-02-16T19:16:01.836965Z[0m [32m INFO[0m [1mhttp_request[0m[1m{[0m[3mmethod[0m[2m=[0mPOST [3mpath[0m[2m=[0m/api/media/upload [3mquery[0m[2m=[0m""[1m}[0m[2m:[0m [2mtower_http::trace::on_response[0m[2m:[0m finished processing request [3mlatency[0m[2m=[0m2 ms [3mstatus[0m[2m=[0m200
[2m2026-02-16T19:16:01.853291Z[0m [32m INFO[0m [1mhttp_request[0m[1m{[0m[3mmethod[0m[2m=[0mGET [3mpath[0m[2m=[0m/media [3mquery[0m[2m=[0m"success=upload"[1m}[0m[2m:[0m [2mtower_http::trace::on_request[0m[2m:[0m started processing request
[2m2026-02-16T19:16:01.854689Z[0m [32m INFO[0m [1mhttp_request[0m[1m{[0m[3mmethod[0m[2m=[0mGET [3mpath[0m[2m=[0m/media [3mquery[0m[2m=[0m"success=upload"[1m}[0m[2m:[0m[1mcall[0m[2m:[0m [2mmedia_hub::search[0m[2m:[0m Search completed: 24 total items, 1 pages
[2m2026-02-16T19:16:01.854770Z[0m [32m INFO[0m [1mhttp_request[0m[1m{[0m[3mmethod[0m[2m=[0mGET [3mpath[0m[2m=[0m/media [3mquery[0m[2m=[0m"success=upload"[1m}[0m[2m:[0m [2mtower_http::trace::on_response[0m[2m:[0m finished processing request [3mlatency[0m[2m=[0m1 ms [3mstatus[0m[2m=[0m200
[2m2026-02-16T19:16:01.962361Z[0m [32m INFO[0m [1mhttp_request[0m[1m{[0m[3mmethod[0m[2m=[0mGET [3mpath[0m[2m=[0m/static/icons/document-fallback-trigger.svg [3mquery[0m[2m=[0m""[1m}[0m[2m:[0m [2mtower_http::trace::on_request[0m[2m:[0m started processing request
[2m2026-02-16T19:16:01.962536Z[0m [32m INFO[0m [1mhttp_request[0m[1m{[0m[3mmethod[0m[2m=[0mGET [3mpath[0m[2m=[0m/static/icons/document-fallback-trigger.svg [3mquery[0m[2m=[0m""[1m}[0m[2m:[0m [2mtower_http::trace::on_response[0m[2m:[0m finished processing request [3mlatency[0m[2m=[0m0 ms [3mstatus[0m[2m=[0m404
